<?xml version="1.0" encoding="UTF-8"?>
<!-- Generated by org.testng.reporters.JUnitXMLReporter -->
<testsuite hostname="LAPTOP-S7V84PQE" ignored="2" name="Default test" tests="1" failures="0" timestamp="23 Jun 2020 15:45:47 GMT" time="5.311" errors="0">
  <testcase name="firefoxBrowser" time="5.287" classname="com.selenium.automation.BrowserInvoke"/>
  <testcase name="iE" time="0.0" classname="com.selenium.automation.BrowserInvoke">
    <ignored/>
  </testcase> <!-- iE -->
  <testcase name="chromeBrowser" time="0.0" classname="com.selenium.automation.BrowserInvoke">
    <ignored/>
  </testcase> <!-- chromeBrowser -->
</testsuite> <!-- Default test -->
