<?xml version="1.0" encoding="UTF-8"?>
<testng-results skipped="0" failed="0" ignored="2" total="3" passed="1">
  <reporter-output>
  </reporter-output>
  <suite name="Default suite" duration-ms="5311" started-at="2020-06-23T15:45:42Z" finished-at="2020-06-23T15:45:47Z">
    <groups>
    </groups>
    <test name="Default test" duration-ms="5311" started-at="2020-06-23T15:45:42Z" finished-at="2020-06-23T15:45:47Z">
      <class name="com.selenium.automation.BrowserInvoke">
        <test-method status="PASS" signature="firefoxBrowser()[pri:0, instance:com.selenium.automation.BrowserInvoke@123f1134]" name="firefoxBrowser" duration-ms="5287" started-at="2020-06-23T15:45:42Z" finished-at="2020-06-23T15:45:47Z">
          <reporter-output>
          </reporter-output>
        </test-method> <!-- firefoxBrowser -->
      </class> <!-- com.selenium.automation.BrowserInvoke -->
    </test> <!-- Default test -->
  </suite> <!-- Default suite -->
</testng-results>
